MovieApp/app/build/intermediates/manifest_merge_blame_file/debug/processDebugMainManifest/manifest-merger-blame-debug-report.txt
1<?xml version="1.0" encoding="utf-8"?>
2<manifest xmlns:android="http://schemas.android.com/apk/res/android"
3    package="com.example.movieapp"
4    android:versionCode="1"
5    android:versionName="1.0" >
6
7    <uses-sdk
8        android:minSdkVersion="28"
9        android:targetSdkVersion="34" />
10
11    <uses-permission android:name="android.permission.INTERNET" />
11-->src\main\AndroidManifest.xml:5:5-67
11-->src\main\AndroidManifest.xml:5:22-64
12    <uses-permission android:name="android.permission.SYSTEM_ALERT_WINDOW" />
12-->src\main\AndroidManifest.xml:6:5-78
12-->src\main\AndroidManifest.xml:6:22-75
13    <uses-permission android:name="android.permission.ACCESS_NETWORK_STATE" />
13-->[com.google.android.exoplayer:exoplayer-core:2.19.1] AndroidManifest.xml:24:5-79
13-->[com.google.android.exoplayer:exoplayer-core:2.19.1] AndroidManifest.xml:24:22-76
14
15    <permission
15-->[androidx.core:core:1.9.0] AndroidManifest.xml:22:5-24:47
16        android:name="com.example.movieapp.DYNAMIC_RECEIVER_NOT_EXPORTED_PERMISSION"
16-->[androidx.core:core:1.9.0] AndroidManifest.xml:23:9-81
17        android:protectionLevel="signature" />
17-->[androidx.core:core:1.9.0] AndroidManifest.xml:24:9-44
18
19    <uses-permission android:name="com.example.movieapp.DYNAMIC_RECEIVER_NOT_EXPORTED_PERMISSION" />
19-->[androidx.core:core:1.9.0] AndroidManifest.xml:26:5-97
19-->[androidx.core:core:1.9.0] AndroidManifest.xml:26:22-94
20
21    <application
21-->src\main\AndroidManifest.xml:8:5-56:19
22        android:allowBackup="true"
22-->src\main\AndroidManifest.xml:10:9-35
23        android:appComponentFactory="androidx.core.app.CoreComponentFactory"
23-->[androidx.core:core:1.9.0] AndroidManifest.xml:28:18-86
24        android:dataExtractionRules="@xml/data_extraction_rules"
24-->src\main\AndroidManifest.xml:11:9-65
25        android:debuggable="true"
26        android:extractNativeLibs="false"
27        android:fullBackupContent="@xml/backup_rules"
27-->src\main\AndroidManifest.xml:12:9-54
28        android:icon="@mipmap/ic_logo_app"
28-->src\main\AndroidManifest.xml:13:9-43
29        android:label="@string/app_name"
29-->src\main\AndroidManifest.xml:14:9-41
30        android:roundIcon="@mipmap/ic_logo_app_round"
30-->src\main\AndroidManifest.xml:15:9-54
31        android:supportsRtl="true"
31-->src\main\AndroidManifest.xml:16:9-35
32        android:testOnly="true"
33        android:theme="@style/Theme.MovieApp"
33-->src\main\AndroidManifest.xml:17:9-46
34        android:usesCleartextTraffic="true" >
34-->src\main\AndroidManifest.xml:9:9-44
35        <activity
35-->src\main\AndroidManifest.xml:19:9-24:64
36            android:name="com.example.movieapp.PlayMovieActivity"
36-->src\main\AndroidManifest.xml:20:13-46
37            android:configChanges="orientation|keyboardHidden|screenSize"
37-->src\main\AndroidManifest.xml:21:13-74
38            android:exported="false"
38-->src\main\AndroidManifest.xml:22:13-37
39            android:label="@string/title_activity_play_movie"
39-->src\main\AndroidManifest.xml:23:13-62
40            android:theme="@style/Theme.MovieApp.Fullscreen" />
40-->src\main\AndroidManifest.xml:24:13-61
41        <activity
41-->src\main\AndroidManifest.xml:25:9-28:59
42            android:name="com.example.movieapp.activity.ForgotPasswordActivity"
42-->src\main\AndroidManifest.xml:26:13-60
43            android:exported="false"
43-->src\main\AndroidManifest.xml:27:13-37
44            android:theme="@style/NetflixAppCloneTheme" />
44-->src\main\AndroidManifest.xml:28:13-56
45        <activity
45-->src\main\AndroidManifest.xml:29:9-32:59
46            android:name="com.example.movieapp.activity.LoginActivity"
46-->src\main\AndroidManifest.xml:30:13-51
47            android:exported="false"
47-->src\main\AndroidManifest.xml:31:13-37
48            android:theme="@style/NetflixAppCloneTheme" />
48-->src\main\AndroidManifest.xml:32:13-56
49        <activity
49-->src\main\AndroidManifest.xml:33:9-36:59
50            android:name="com.example.movieapp.activity.RegisterActivity"
50-->src\main\AndroidManifest.xml:34:13-54
51            android:exported="false"
51-->src\main\AndroidManifest.xml:35:13-37
52            android:theme="@style/NetflixAppCloneTheme" />
52-->src\main\AndroidManifest.xml:36:13-56
53        <activity
53-->src\main\AndroidManifest.xml:37:9-40:59
54            android:name="com.example.movieapp.activity.WelcomeScreenActivity"
54-->src\main\AndroidManifest.xml:38:13-59
55            android:exported="false"
55-->src\main\AndroidManifest.xml:39:13-37
56            android:theme="@style/NetflixAppCloneTheme" />
56-->src\main\AndroidManifest.xml:40:13-56
57        <activity
57-->src\main\AndroidManifest.xml:41:9-51:20
58            android:name="com.example.movieapp.activity.MainActivity"
58-->src\main\AndroidManifest.xml:42:13-50
59            android:configChanges="uiMode|orientation|screenSize|screenLayout"
59-->src\main\AndroidManifest.xml:43:13-79
60            android:exported="true"
60-->src\main\AndroidManifest.xml:44:13-36
61            android:theme="@style/NetflixAppCloneTheme" >
61-->src\main\AndroidManifest.xml:45:13-56
62            <intent-filter>
62-->src\main\AndroidManifest.xml:46:13-50:29
63                <action android:name="android.intent.action.MAIN" />
63-->src\main\AndroidManifest.xml:47:17-69
63-->src\main\AndroidManifest.xml:47:25-66
64
65                <category android:name="android.intent.category.LAUNCHER" />
65-->src\main\AndroidManifest.xml:49:17-77
65-->src\main\AndroidManifest.xml:49:27-74
66            </intent-filter>
67        </activity>
68        <activity
68-->src\main\AndroidManifest.xml:52:9-55:59
69            android:name="com.example.movieapp.activity.SplashScreenActivity"
69-->src\main\AndroidManifest.xml:53:13-58
70            android:exported="false"
70-->src\main\AndroidManifest.xml:54:13-37
71            android:theme="@style/NetflixAppCloneTheme" />
71-->src\main\AndroidManifest.xml:55:13-56
72
73        <provider
73-->[com.squareup.picasso:picasso:2.71828] AndroidManifest.xml:8:9-11:40
74            android:name="com.squareup.picasso.PicassoProvider"
74-->[com.squareup.picasso:picasso:2.71828] AndroidManifest.xml:9:13-64
75            android:authorities="com.example.movieapp.com.squareup.picasso"
75-->[com.squareup.picasso:picasso:2.71828] AndroidManifest.xml:10:13-72
76            android:exported="false" />
76-->[com.squareup.picasso:picasso:2.71828] AndroidManifest.xml:11:13-37
77        <provider
77-->[androidx.emoji2:emoji2:1.2.0] AndroidManifest.xml:24:9-32:20
78            android:name="androidx.startup.InitializationProvider"
78-->[androidx.emoji2:emoji2:1.2.0] AndroidManifest.xml:25:13-67
79            android:authorities="com.example.movieapp.androidx-startup"
79-->[androidx.emoji2:emoji2:1.2.0] AndroidManifest.xml:26:13-68
80            android:exported="false" >
80-->[androidx.emoji2:emoji2:1.2.0] AndroidManifest.xml:27:13-37
81            <meta-data
81-->[androidx.emoji2:emoji2:1.2.0] AndroidManifest.xml:29:13-31:52
82                android:name="androidx.emoji2.text.EmojiCompatInitializer"
82-->[androidx.emoji2:emoji2:1.2.0] AndroidManifest.xml:30:17-75
83                android:value="androidx.startup" />
83-->[androidx.emoji2:emoji2:1.2.0] AndroidManifest.xml:31:17-49
84            <meta-data
84-->[androidx.lifecycle:lifecycle-process:2.6.2] AndroidManifest.xml:29:13-31:52
85                android:name="androidx.lifecycle.ProcessLifecycleInitializer"
85-->[androidx.lifecycle:lifecycle-process:2.6.2] AndroidManifest.xml:30:17-78
86                android:value="androidx.startup" />
86-->[androidx.lifecycle:lifecycle-process:2.6.2] AndroidManifest.xml:31:17-49
87            <meta-data
87-->[androidx.profileinstaller:profileinstaller:1.3.0] AndroidManifest.xml:29:13-31:52
88                android:name="androidx.profileinstaller.ProfileInstallerInitializer"
88-->[androidx.profileinstaller:profileinstaller:1.3.0] AndroidManifest.xml:30:17-85
89                android:value="androidx.startup" />
89-->[androidx.profileinstaller:profileinstaller:1.3.0] AndroidManifest.xml:31:17-49
90        </provider>
91
92        <receiver
92-->[androidx.profileinstaller:profileinstaller:1.3.0] AndroidManifest.xml:34:9-52:20
93            android:name="androidx.profileinstaller.ProfileInstallReceiver"
93-->[androidx.profileinstaller:profileinstaller:1.3.0] AndroidManifest.xml:35:13-76
94            android:directBootAware="false"
94-->[androidx.profileinstaller:profileinstaller:1.3.0] AndroidManifest.xml:36:13-44
95            android:enabled="true"
95-->[androidx.profileinstaller:profileinstaller:1.3.0] AndroidManifest.xml:37:13-35
96            android:exported="true"
96-->[androidx.profileinstaller:profileinstaller:1.3.0] AndroidManifest.xml:38:13-36
97            android:permission="android.permission.DUMP" >
97-->[androidx.profileinstaller:profileinstaller:1.3.0] AndroidManifest.xml:39:13-57
98            <intent-filter>
98-->[androidx.profileinstaller:profileinstaller:1.3.0] AndroidManifest.xml:40:13-42:29
99                <action android:name="androidx.profileinstaller.action.INSTALL_PROFILE" />
99-->[androidx.profileinstaller:profileinstaller:1.3.0] AndroidManifest.xml:41:17-91
99-->[androidx.profileinstaller:profileinstaller:1.3.0] AndroidManifest.xml:41:25-88
100            </intent-filter>
101            <intent-filter>
101-->[androidx.profileinstaller:profileinstaller:1.3.0] AndroidManifest.xml:43:13-45:29
102                <action android:name="androidx.profileinstaller.action.SKIP_FILE" />
102-->[androidx.profileinstaller:profileinstaller:1.3.0] AndroidManifest.xml:44:17-85
102-->[androidx.profileinstaller:profileinstaller:1.3.0] AndroidManifest.xml:44:25-82
103            </intent-filter>
104            <intent-filter>
104-->[androidx.profileinstaller:profileinstaller:1.3.0] AndroidManifest.xml:46:13-48:29
105                <action android:name="androidx.profileinstaller.action.SAVE_PROFILE" />
105-->[androidx.profileinstaller:profileinstaller:1.3.0] AndroidManifest.xml:47:17-88
105-->[androidx.profileinstaller:profileinstaller:1.3.0] AndroidManifest.xml:47:25-85
106            </intent-filter>
107            <intent-filter>
107-->[androidx.profileinstaller:profileinstaller:1.3.0] AndroidManifest.xml:49:13-51:29
108                <action android:name="androidx.profileinstaller.action.BENCHMARK_OPERATION" />
108-->[androidx.profileinstaller:profileinstaller:1.3.0] AndroidManifest.xml:50:17-95
108-->[androidx.profileinstaller:profileinstaller:1.3.0] AndroidManifest.xml:50:25-92
109            </intent-filter>
110        </receiver>
111    </application>
112
113</manifest>